make.exe --dry-run --always-make --keep-going --print-directory
make.exe: Entering directory 'c:/Users/lucas/Desktop/partesfinais/2022-1-TN-grupo02'
(@mkdir build\src\instances\audio\)&
g++ -std=c++11 -g -Wall -I include -I libs/sfml-win/include -c src/instances/audio/audio.cpp -o build/src/instances/audio/audio.o
(@mkdir build\src\instances\dialogue\)&
g++ -std=c++11 -g -Wall -I include -I libs/sfml-win/include -c src/instances/dialogue/dialogue.cpp -o build/src/instances/dialogue/dialogue.o
(@mkdir build\src\instances\dialogue\)&
g++ -std=c++11 -g -Wall -I include -I libs/sfml-win/include -c src/instances/dialogue/dialogue_tree.cpp -o build/src/instances/dialogue/dialogue_tree.o
(@mkdir build\src\instances\dialogue\)&
g++ -std=c++11 -g -Wall -I include -I libs/sfml-win/include -c src/instances/dialogue/intro.cpp -o build/src/instances/dialogue/intro.o
(@mkdir build\src\instances\hud\)&
g++ -std=c++11 -g -Wall -I include -I libs/sfml-win/include -c src/instances/hud/timer.cpp -o build/src/instances/hud/timer.o
(@mkdir build\src\animation\)&
g++ -std=c++11 -g -Wall -I include -I libs/sfml-win/include -c src/animation/animation.cpp -o build/src/animation/animation.o
(@mkdir build\src\collision\)&
g++ -std=c++11 -g -Wall -I include -I libs/sfml-win/include -c src/collision/collision.cpp -o build/src/collision/collision.o
(@mkdir build\src\game\)&
g++ -std=c++11 -g -Wall -I include -I libs/sfml-win/include -c src/game/game.cpp -o build/src/game/game.o
(@mkdir build\src\game\)&
g++ -std=c++11 -g -Wall -I include -I libs/sfml-win/include -c src/game/ending-state.cpp -o build/src/game/ending-state.o
(@mkdir build\src\game\)&
g++ -std=c++11 -g -Wall -I include -I libs/sfml-win/include -c src/game/game-state.cpp -o build/src/game/game-state.o
(@mkdir build\src\game\)&
g++ -std=c++11 -g -Wall -I include -I libs/sfml-win/include -c src/game/intro-state.cpp -o build/src/game/intro-state.o
(@mkdir build\src\game\)&
g++ -std=c++11 -g -Wall -I include -I libs/sfml-win/include -c src/game/state.cpp -o build/src/game/state.o
(@mkdir build\src\game\)&
g++ -std=c++11 -g -Wall -I include -I libs/sfml-win/include -c src/game/menu-state.cpp -o build/src/game/menu-state.o
(@mkdir build\src\game\)&
g++ -std=c++11 -g -Wall -I include -I libs/sfml-win/include -c src/game/buttons.cpp -o build/src/game/buttons.o
(@mkdir build\src\instances\)&
g++ -std=c++11 -g -Wall -I include -I libs/sfml-win/include -c src/instances/instance.cpp -o build/src/instances/instance.o
(@mkdir build\src\instances\)&
g++ -std=c++11 -g -Wall -I include -I libs/sfml-win/include -c src/instances/wall.cpp -o build/src/instances/wall.o
(@mkdir build\src\instances\)&
g++ -std=c++11 -g -Wall -I include -I libs/sfml-win/include -c src/instances/npc.cpp -o build/src/instances/npc.o
(@mkdir build\src\instances\)&
g++ -std=c++11 -g -Wall -I include -I libs/sfml-win/include -c src/instances/player.cpp -o build/src/instances/player.o
(@mkdir build\src\instances\)&
g++ -std=c++11 -g -Wall -I include -I libs/sfml-win/include -c src/instances/item.cpp -o build/src/instances/item.o
(@mkdir build\src\sprite-set\)&
g++ -std=c++11 -g -Wall -I include -I libs/sfml-win/include -c src/sprite-set/sprite-set.cpp -o build/src/sprite-set/sprite-set.o
(@mkdir build\src\sprite-set\)&
g++ -std=c++11 -g -Wall -I include -I libs/sfml-win/include -c src/sprite-set/background.cpp -o build/src/sprite-set/background.o
(@mkdir build\src\)&
g++ -std=c++11 -g -Wall -I include -I libs/sfml-win/include -c src/main.cpp -o build/src/main.o
(@mkdir .\)&
g++ -std=c++11 -g -Wall -o libs/sfml-win/bin/program.exe build/src/instances/audio/audio.o build/src/instances/dialogue/dialogue.o build/src/instances/dialogue/dialogue_tree.o build/src/instances/dialogue/intro.o build/src/instances/hud/timer.o build/src/animation/animation.o build/src/collision/collision.o build/src/game/game.o build/src/game/ending-state.o build/src/game/game-state.o build/src/game/intro-state.o build/src/game/state.o build/src/game/menu-state.o build/src/game/buttons.o build/src/instances/instance.o build/src/instances/wall.o build/src/instances/npc.o build/src/instances/player.o build/src/instances/item.o build/src/sprite-set/sprite-set.o build/src/sprite-set/background.o build/src/main.o -Llibs/sfml-win/lib -lsfml-audio -lsfml-graphics -lsfml-window -lsfml-system
make.exe: Leaving directory 'c:/Users/lucas/Desktop/partesfinais/2022-1-TN-grupo02'
 
